File error /Users/voquanghoa/Downloads/gec123/GRAMMAR/Nouns/Adjectives/lesson_01.txt count 12 question -1
File error /Users/voquanghoa/Downloads/gec123/GRAMMAR/Nouns/Adjectives/lesson_04.txt count 10 question -1
File error /Users/voquanghoa/Downloads/gec123/GRAMMAR/Nouns/Adjectives/lesson_05.txt count 10 question -1
File error /Users/voquanghoa/Downloads/gec123/GRAMMAR/Nouns/Adjectives/lesson_06.txt count 10 question -1
File error /Users/voquanghoa/Downloads/gec123/GRAMMAR/Nouns/Adjectives/lesson_08.txt count 10 question -1
File error /Users/voquanghoa/Downloads/gec123/GRAMMAR/Nouns/Adjectives/lesson_11.txt count 14 question -1
File error /Users/voquanghoa/Downloads/gec123/GRAMMAR/Nouns/Articles/lesson_04.txt count 10 question -1
File error /Users/voquanghoa/Downloads/gec123/GRAMMAR/Nouns/Articles/lesson_06.txt count 10 question -1
File error /Users/voquanghoa/Downloads/gec123/GRAMMAR/Nouns/Articles/lesson_08.txt count 10 question -1
File error /Users/voquanghoa/Downloads/gec123/GRAMMAR/Nouns/Articles/lesson_09.txt count 10 question -1
File error /Users/voquanghoa/Downloads/gec123/GRAMMAR/Nouns/Comparatives/lesson_01.txt count 10 question -1
File error /Users/voquanghoa/Downloads/gec123/GRAMMAR/Nouns/Comparatives/lesson_02.txt count 10 question -1
File error /Users/voquanghoa/Downloads/gec123/GRAMMAR/Nouns/Comparatives/lesson_03.txt count 10 question -1
File error /Users/voquanghoa/Downloads/gec123/GRAMMAR/Nouns/Comparatives/lesson_04.txt count 10 question -1
File error /Users/voquanghoa/Downloads/gec123/GRAMMAR/Nouns/Comparatives/lesson_06.txt count 10 question -1
File error /Users/voquanghoa/Downloads/gec123/GRAMMAR/Nouns/Comparisons/lesson_01.txt count 10 question -1
File error /Users/voquanghoa/Downloads/gec123/GRAMMAR/Nouns/Comparisons/lesson_02.txt count 9 question -1
File error /Users/voquanghoa/Downloads/gec123/GRAMMAR/Nouns/Comparisons/lesson_03.txt count 10 question -1
File error /Users/voquanghoa/Downloads/gec123/GRAMMAR/Nouns/Comparisons/lesson_04.txt count 13 question -1
File error /Users/voquanghoa/Downloads/gec123/GRAMMAR/Nouns/Compound/lesson_03.txt count 10 question -1
File error /Users/voquanghoa/Downloads/gec123/GRAMMAR/Nouns/Compound/lesson_04.txt count 10 question -1
File error /Users/voquanghoa/Downloads/gec123/GRAMMAR/Nouns/Compound/lesson_06.txt count 8 question -1
File error /Users/voquanghoa/Downloads/gec123/GRAMMAR/Nouns/Countries_and_nationalities/lesson_01.txt count 10 question -1
File error /Users/voquanghoa/Downloads/gec123/GRAMMAR/Nouns/Dative/lesson_01.txt count 10 question -1
File error /Users/voquanghoa/Downloads/gec123/GRAMMAR/Nouns/Declension/lesson_07.txt count 10 question -1
File error /Users/voquanghoa/Downloads/gec123/GRAMMAR/Nouns/Declension/lesson_08.txt count 10 question -1
File error /Users/voquanghoa/Downloads/gec123/GRAMMAR/Nouns/Declension/lesson_09.txt count 10 question -1
File error /Users/voquanghoa/Downloads/gec123/GRAMMAR/Nouns/Declension/lesson_10.txt count 10 question -1
File error /Users/voquanghoa/Downloads/gec123/GRAMMAR/Nouns/Declension/lesson_12.txt count 10 question -1
File error /Users/voquanghoa/Downloads/gec123/GRAMMAR/Nouns/Declension/lesson_16.txt count 10 question -1
File error /Users/voquanghoa/Downloads/gec123/GRAMMAR/Nouns/Declension/lesson_17.txt count 15 question -1
File error /Users/voquanghoa/Downloads/gec123/GRAMMAR/Nouns/Declension/lesson_18.txt count 10 question -1
File error /Users/voquanghoa/Downloads/gec123/GRAMMAR/Nouns/Declension/lesson_20.txt count 12 question -1
File error /Users/voquanghoa/Downloads/gec123/GRAMMAR/Nouns/Declension/lesson_21.txt count 10 question -1
File error /Users/voquanghoa/Downloads/gec123/GRAMMAR/Nouns/Declension/lesson_22.txt count 10 question -1
File error /Users/voquanghoa/Downloads/gec123/GRAMMAR/Nouns/Declension/lesson_26.txt count 9 question -1
File error /Users/voquanghoa/Downloads/gec123/GRAMMAR/Nouns/Declension/lesson_30.txt count 10 question -1
File error /Users/voquanghoa/Downloads/gec123/GRAMMAR/Nouns/Definite/lesson_01.txt count 10 question -1
File error /Users/voquanghoa/Downloads/gec123/GRAMMAR/Nouns/Definite/lesson_02.txt count 10 question -1
File error /Users/voquanghoa/Downloads/gec123/GRAMMAR/Nouns/Definite/lesson_04.txt count 10 question -1
File error /Users/voquanghoa/Downloads/gec123/GRAMMAR/Nouns/Definite/lesson_06.txt count 10 question -1
File error /Users/voquanghoa/Downloads/gec123/GRAMMAR/Nouns/Definite/lesson_09.txt count 10 question -1
File error /Users/voquanghoa/Downloads/gec123/GRAMMAR/Nouns/Demonstrative_adjectives/lesson_01.txt count 10 question -1
File error /Users/voquanghoa/Downloads/gec123/GRAMMAR/Nouns/Demonstrative_adjectives/lesson_02.txt count 12 question -1
File error /Users/voquanghoa/Downloads/gec123/GRAMMAR/Nouns/Directive_Locative/lesson_01.txt count 10 question -1
File error /Users/voquanghoa/Downloads/gec123/GRAMMAR/Nouns/Directive_Locative/lesson_03.txt count 12 question -1
File error /Users/voquanghoa/Downloads/gec123/GRAMMAR/Nouns/Flavours/lesson_02.txt count 10 question -1
File error /Users/voquanghoa/Downloads/gec123/GRAMMAR/Nouns/Gender/lesson_09.txt count 10 question -1
File error /Users/voquanghoa/Downloads/gec123/GRAMMAR/Nouns/Genitive/lesson_01.txt count 10 question -1
File error /Users/voquanghoa/Downloads/gec123/GRAMMAR/Nouns/Genitive/lesson_02.txt count 10 question -1
File error /Users/voquanghoa/Downloads/gec123/GRAMMAR/Nouns/Genitive/lesson_06.txt count 10 question -1
File error /Users/voquanghoa/Downloads/gec123/GRAMMAR/Nouns/Genitive/lesson_07.txt count 10 question -1
File error /Users/voquanghoa/Downloads/gec123/GRAMMAR/Nouns/Genitive/lesson_08.txt count 15 question -1
File error /Users/voquanghoa/Downloads/gec123/GRAMMAR/Nouns/Genitive/lesson_09.txt count 10 question -1
File error /Users/voquanghoa/Downloads/gec123/GRAMMAR/Nouns/In_the_bakery/lesson_01.txt count 10 question -1
File error /Users/voquanghoa/Downloads/gec123/GRAMMAR/Nouns/Interrogative/lesson_04.txt count 9 question -1
File error /Users/voquanghoa/Downloads/gec123/GRAMMAR/Nouns/Object_personal_pronouns/lesson_01.txt count 10 question -1
File error /Users/voquanghoa/Downloads/gec123/GRAMMAR/Nouns/Object_personal_pronouns/lesson_02.txt count 10 question -1
File error /Users/voquanghoa/Downloads/gec123/GRAMMAR/Nouns/Object_personal_pronouns/lesson_04.txt count 10 question -1
File error /Users/voquanghoa/Downloads/gec123/GRAMMAR/Nouns/Personal_object_pronouns/lesson_02.txt count 10 question -1
File error /Users/voquanghoa/Downloads/gec123/GRAMMAR/Nouns/Personal_object_pronouns/lesson_04.txt count 10 question -1
File error /Users/voquanghoa/Downloads/gec123/GRAMMAR/Nouns/Personal_object_pronouns/lesson_05.txt count 10 question -1
File error /Users/voquanghoa/Downloads/gec123/GRAMMAR/Nouns/Personal_pronoun/lesson_01.txt count 10 question -1
File error /Users/voquanghoa/Downloads/gec123/GRAMMAR/Nouns/Personal_pronoun/lesson_08.txt count 10 question -1
File error /Users/voquanghoa/Downloads/gec123/GRAMMAR/Nouns/Personal_pronoun/lesson_10.txt count 10 question -1
File error /Users/voquanghoa/Downloads/gec123/GRAMMAR/Nouns/Plural/lesson_01.txt count 10 question -1
File error /Users/voquanghoa/Downloads/gec123/GRAMMAR/Nouns/Plural/lesson_02.txt count 10 question -1
File error /Users/voquanghoa/Downloads/gec123/GRAMMAR/Nouns/Plural/lesson_04.txt count 10 question -1
File error /Users/voquanghoa/Downloads/gec123/GRAMMAR/Nouns/Plural/lesson_06.txt count 10 question -1
File error /Users/voquanghoa/Downloads/gec123/GRAMMAR/Nouns/Plural/lesson_07.txt count 15 question -1
File error /Users/voquanghoa/Downloads/gec123/GRAMMAR/Nouns/Plural/lesson_08.txt count 10 question -1
File error /Users/voquanghoa/Downloads/gec123/GRAMMAR/Nouns/Plural/lesson_09.txt count 10 question -1
File error /Users/voquanghoa/Downloads/gec123/GRAMMAR/Nouns/Plural/lesson_10.txt count 8 question -1
File error /Users/voquanghoa/Downloads/gec123/GRAMMAR/Nouns/Possessive_adjectives/lesson_01.txt count 10 question -1
File error /Users/voquanghoa/Downloads/gec123/GRAMMAR/Nouns/Possessive_adjectives/lesson_04.txt count 10 question -1
File error /Users/voquanghoa/Downloads/gec123/GRAMMAR/Nouns/Prepositions/lesson_02.txt count 10 question -1
File error /Users/voquanghoa/Downloads/gec123/GRAMMAR/Nouns/Prepositions/lesson_03.txt count 10 question -1
File error /Users/voquanghoa/Downloads/gec123/GRAMMAR/Nouns/Prepositions/lesson_09.txt count 10 question -1
File error /Users/voquanghoa/Downloads/gec123/GRAMMAR/Nouns/Prepositions/lesson_19.txt count 10 question -1
File error /Users/voquanghoa/Downloads/gec123/GRAMMAR/Nouns/Prepositions/lesson_20.txt count 10 question -1
File error /Users/voquanghoa/Downloads/gec123/GRAMMAR/Nouns/Prepositions/lesson_21.txt count 12 question -1
File error /Users/voquanghoa/Downloads/gec123/GRAMMAR/Nouns/Prepositions/lesson_25.txt count 10 question -1
File error /Users/voquanghoa/Downloads/gec123/GRAMMAR/Nouns/Prepositions/lesson_27.txt count 10 question -1
File error /Users/voquanghoa/Downloads/gec123/GRAMMAR/Nouns/Prepositions/lesson_28.txt count 10 question -1
File error /Users/voquanghoa/Downloads/gec123/GRAMMAR/Nouns/Prepositions/lesson_29.txt count 10 question -1
File error /Users/voquanghoa/Downloads/gec123/GRAMMAR/Nouns/Prepositions/lesson_30.txt count 10 question -1
File error /Users/voquanghoa/Downloads/gec123/GRAMMAR/Nouns/Prepositions/lesson_32.txt count 14 question -1
File error /Users/voquanghoa/Downloads/gec123/GRAMMAR/Nouns/Prepositions/lesson_35.txt count 12 question -1
File error /Users/voquanghoa/Downloads/gec123/GRAMMAR/Nouns/Prepositions/lesson_37.txt count 10 question -1
File error /Users/voquanghoa/Downloads/gec123/GRAMMAR/Nouns/Prepositions/lesson_40.txt count 10 question -1
File error /Users/voquanghoa/Downloads/gec123/GRAMMAR/Nouns/Pronouns/lesson_02.txt count 10 question -1
File error /Users/voquanghoa/Downloads/gec123/GRAMMAR/Nouns/Pronouns/lesson_03.txt count 14 question -1
File error /Users/voquanghoa/Downloads/gec123/GRAMMAR/Nouns/Reflexive_pronouns/lesson_03.txt count 9 question -1
File error /Users/voquanghoa/Downloads/gec123/GRAMMAR/Nouns/Reflexive_pronouns/lesson_05.txt count 12 question -1
File error /Users/voquanghoa/Downloads/gec123/GRAMMAR/Nouns/Relative/Reflexive_pronouns.txt count 1 question 0
File error /Users/voquanghoa/Downloads/gec123/GRAMMAR/Nouns/Singular_Plural/lesson_01.txt count 10 question -1
File error /Users/voquanghoa/Downloads/gec123/GRAMMAR/Nouns/Singular_Plural/lesson_02.txt count 10 question -1
File error /Users/voquanghoa/Downloads/gec123/GRAMMAR/Nouns/Singular_Plural/lesson_03.txt count 10 question -1
File error /Users/voquanghoa/Downloads/gec123/GRAMMAR/Nouns/Singular_Plural/lesson_04.txt count 10 question -1
File error /Users/voquanghoa/Downloads/gec123/GRAMMAR/Nouns/Singular_Plural/lesson_05.txt count 15 question -1
File error /Users/voquanghoa/Downloads/gec123/GRAMMAR/Nouns/Superlatives/lesson_01.txt count 10 question -1
File error /Users/voquanghoa/Downloads/gec123/GRAMMAR/Nouns/Superlatives/lesson_02.txt count 10 question -1
File error /Users/voquanghoa/Downloads/gec123/GRAMMAR/Nouns/Superlatives/lesson_03.txt count 14 question -1
File error /Users/voquanghoa/Downloads/gec123/GRAMMAR/Nouns/Verbs_and_prepositions/lesson_01.txt count 10 question -1
File error /Users/voquanghoa/Downloads/gec123/GRAMMAR/Nouns/What_time_is_it/lesson_01.txt count 10 question -1
File error /Users/voquanghoa/Downloads/gec123/GRAMMAR/Nouns/What_time_is_it/lesson_02.txt count 10 question -1
File error /Users/voquanghoa/Downloads/gec123/GRAMMAR/Sentences/Adjectives_and_Comparative_Degree/lesson_01.txt count 10 question -1
File error /Users/voquanghoa/Downloads/gec123/GRAMMAR/Sentences/Comparatives/lesson_01.txt count 10 question -1
File error /Users/voquanghoa/Downloads/gec123/GRAMMAR/Sentences/Comparatives/lesson_02.txt count 10 question -1
File error /Users/voquanghoa/Downloads/gec123/GRAMMAR/Sentences/Comparing/lesson_02.txt count 10 question -1
File error /Users/voquanghoa/Downloads/gec123/GRAMMAR/Sentences/Conjunctions/lesson_05.txt count 10 question -1
File error /Users/voquanghoa/Downloads/gec123/GRAMMAR/Sentences/Conjunctions/lesson_07.txt count 10 question -1
File error /Users/voquanghoa/Downloads/gec123/GRAMMAR/Sentences/Conjunctions/lesson_29.txt count 10 question -1
File error /Users/voquanghoa/Downloads/gec123/GRAMMAR/Sentences/Declension/lesson_02.txt count 10 question -1
File error /Users/voquanghoa/Downloads/gec123/GRAMMAR/Sentences/Infinitive/lesson_02.txt count 10 question -1
File error /Users/voquanghoa/Downloads/gec123/GRAMMAR/Sentences/Infinitive/lesson_03.txt count 8 question -1
File error /Users/voquanghoa/Downloads/gec123/GRAMMAR/Sentences/Infinitive/lesson_04.txt count 10 question -1
File error /Users/voquanghoa/Downloads/gec123/GRAMMAR/Sentences/Infinitive/lesson_05.txt count 10 question -1
File error /Users/voquanghoa/Downloads/gec123/GRAMMAR/Sentences/Infinitive/lesson_07.txt count 10 question -1
File error /Users/voquanghoa/Downloads/gec123/GRAMMAR/Sentences/Interrogative_pronouns/lesson_04.txt count 10 question -1
File error /Users/voquanghoa/Downloads/gec123/GRAMMAR/Sentences/Interrogative_pronouns/lesson_08.txt count 10 question -1
File error /Users/voquanghoa/Downloads/gec123/GRAMMAR/Sentences/Interrogative_pronouns/lesson_09.txt count 13 question -1
File error /Users/voquanghoa/Downloads/gec123/GRAMMAR/Sentences/Negation/lesson_01.txt count 10 question -1
File error /Users/voquanghoa/Downloads/gec123/GRAMMAR/Sentences/Negation/lesson_02.txt count 10 question -1
File error /Users/voquanghoa/Downloads/gec123/GRAMMAR/Sentences/Negation/lesson_03.txt count 10 question -1
File error /Users/voquanghoa/Downloads/gec123/GRAMMAR/Sentences/Negation/lesson_07.txt count 10 question -1
File error /Users/voquanghoa/Downloads/gec123/GRAMMAR/Sentences/Personal_pronouns/lesson_04.txt count 10 question -1
File error /Users/voquanghoa/Downloads/gec123/GRAMMAR/Sentences/Personal_pronouns/lesson_06.txt count 9 question -1
File error /Users/voquanghoa/Downloads/gec123/GRAMMAR/Sentences/Possessive_adjectives/lesson_01.txt count 10 question -1
File error /Users/voquanghoa/Downloads/gec123/GRAMMAR/Sentences/Prepositions/lesson_04.txt count 0 question -1
File error /Users/voquanghoa/Downloads/gec123/GRAMMAR/Sentences/Prepositions/lesson_06.txt count 9 question -1
File error /Users/voquanghoa/Downloads/gec123/GRAMMAR/Sentences/Questions-Answers/lesson_01.txt count 10 question -1
File error /Users/voquanghoa/Downloads/gec123/GRAMMAR/Sentences/Questions-Answers/lesson_02.txt count 10 question -1
File error /Users/voquanghoa/Downloads/gec123/GRAMMAR/Sentences/Questions-Answers/lesson_03.txt count 10 question -1
File error /Users/voquanghoa/Downloads/gec123/GRAMMAR/Sentences/Relative_pronouns/lesson_01.txt count 10 question -1
File error /Users/voquanghoa/Downloads/gec123/GRAMMAR/Sentences/Relative_pronouns/lesson_02.txt count 10 question -1
File error /Users/voquanghoa/Downloads/gec123/GRAMMAR/Sentences/Relative_pronouns/lesson_04.txt count 10 question -1
File error /Users/voquanghoa/Downloads/gec123/GRAMMAR/Sentences/Subordinate_clauses/lesson_01.txt count 8 question -1
File error /Users/voquanghoa/Downloads/gec123/GRAMMAR/Sentences/Subordinate_clauses/lesson_02.txt count 10 question -1
File error /Users/voquanghoa/Downloads/gec123/GRAMMAR/Sentences/Subordinate_clauses/lesson_03.txt count 0 question -1
File error /Users/voquanghoa/Downloads/gec123/GRAMMAR/Sentences/Subordinate_clauses/lesson_05.txt count 10 question -1
File error /Users/voquanghoa/Downloads/gec123/GRAMMAR/Verbs/Conjugation/lesson_01.txt count 10 question -1
File error /Users/voquanghoa/Downloads/gec123/GRAMMAR/Verbs/Conjugation/lesson_02.txt count 10 question -1
File error /Users/voquanghoa/Downloads/gec123/GRAMMAR/Verbs/Conjugation/lesson_03.txt count 10 question -1
File error /Users/voquanghoa/Downloads/gec123/GRAMMAR/Verbs/Conjugation/lesson_04.txt count 14 question -1
File error /Users/voquanghoa/Downloads/gec123/GRAMMAR/Verbs/Conjugation/lesson_05.txt count 10 question -1
File error /Users/voquanghoa/Downloads/gec123/GRAMMAR/Verbs/Conjugation/lesson_06.txt count 10 question -1
File error /Users/voquanghoa/Downloads/gec123/GRAMMAR/Verbs/Future/lesson_01.txt count 10 question -1
File error /Users/voquanghoa/Downloads/gec123/GRAMMAR/Verbs/Future/lesson_02.txt count 10 question -1
File error /Users/voquanghoa/Downloads/gec123/GRAMMAR/Verbs/Future/lesson_04.txt count 10 question -1
File error /Users/voquanghoa/Downloads/gec123/GRAMMAR/Verbs/Future/lesson_05.txt count 11 question -1
File error /Users/voquanghoa/Downloads/gec123/GRAMMAR/Verbs/Future/lesson_06.txt count 10 question -1
File error /Users/voquanghoa/Downloads/gec123/GRAMMAR/Verbs/Future/lesson_07.txt count 10 question -1
File error /Users/voquanghoa/Downloads/gec123/GRAMMAR/Verbs/Imperative/lesson_03.txt count 6 question -1
File error /Users/voquanghoa/Downloads/gec123/GRAMMAR/Verbs/Imperative/lesson_04.txt count 8 question -1
File error /Users/voquanghoa/Downloads/gec123/GRAMMAR/Verbs/Imperative/lesson_05.txt count 10 question -1
File error /Users/voquanghoa/Downloads/gec123/GRAMMAR/Verbs/Modals/lesson_01.txt count 10 question -1
File error /Users/voquanghoa/Downloads/gec123/GRAMMAR/Verbs/Modals/lesson_02.txt count 10 question -1
File error /Users/voquanghoa/Downloads/gec123/GRAMMAR/Verbs/Modals/lesson_03.txt count 10 question -1
File error /Users/voquanghoa/Downloads/gec123/GRAMMAR/Verbs/Modals/lesson_04.txt count 10 question -1
File error /Users/voquanghoa/Downloads/gec123/GRAMMAR/Verbs/Modals/lesson_05.txt count 9 question -1
File error /Users/voquanghoa/Downloads/gec123/GRAMMAR/Verbs/Modals/lesson_06.txt count 10 question -1
File error /Users/voquanghoa/Downloads/gec123/GRAMMAR/Verbs/Modals/lesson_07.txt count 8 question -1
File error /Users/voquanghoa/Downloads/gec123/GRAMMAR/Verbs/Modals/lesson_08.txt count 12 question -1
File error /Users/voquanghoa/Downloads/gec123/GRAMMAR/Verbs/Modals/lesson_09.txt count 10 question -1
File error /Users/voquanghoa/Downloads/gec123/GRAMMAR/Verbs/Modals/lesson_12.txt count 8 question -1
File error /Users/voquanghoa/Downloads/gec123/GRAMMAR/Verbs/Modals/lesson_13.txt count 10 question -1
File error /Users/voquanghoa/Downloads/gec123/GRAMMAR/Verbs/Modals/lesson_14.txt count 10 question -1
File error /Users/voquanghoa/Downloads/gec123/GRAMMAR/Verbs/Modals/lesson_15.txt count 10 question -1
File error /Users/voquanghoa/Downloads/gec123/GRAMMAR/Verbs/Modals/lesson_17.txt count 10 question -1
File error /Users/voquanghoa/Downloads/gec123/GRAMMAR/Verbs/Modals/lesson_18.txt count 10 question -1
File error /Users/voquanghoa/Downloads/gec123/GRAMMAR/Verbs/Modals/lesson_20.txt count 10 question -1
File error /Users/voquanghoa/Downloads/gec123/GRAMMAR/Verbs/Modals/lesson_21.txt count 11 question -1
File error /Users/voquanghoa/Downloads/gec123/GRAMMAR/Verbs/Modals/lesson_22.txt count 8 question -1
File error /Users/voquanghoa/Downloads/gec123/GRAMMAR/Verbs/Passive_active_voice/lesson_02.txt count 10 question -1
File error /Users/voquanghoa/Downloads/gec123/GRAMMAR/Verbs/Passive_active_voice/lesson_03.txt count 10 question -1
File error /Users/voquanghoa/Downloads/gec123/GRAMMAR/Verbs/Passive_active_voice/lesson_04.txt count 9 question -1
File error /Users/voquanghoa/Downloads/gec123/GRAMMAR/Verbs/Passive_active_voice/lesson_06.txt count 10 question -1
File error /Users/voquanghoa/Downloads/gec123/GRAMMAR/Verbs/Passive_active_voice/lesson_07.txt count 10 question -1
File error /Users/voquanghoa/Downloads/gec123/GRAMMAR/Verbs/Passive_active_voice/lesson_08.txt count 10 question -1
File error /Users/voquanghoa/Downloads/gec123/GRAMMAR/Verbs/Passive_active_voice/lesson_12.txt count 10 question -1
File error /Users/voquanghoa/Downloads/gec123/GRAMMAR/Verbs/Passive_active_voice/lesson_13.txt count 12 question -1
File error /Users/voquanghoa/Downloads/gec123/GRAMMAR/Verbs/Passive_active_voice/lesson_14.txt count 10 question -1
File error /Users/voquanghoa/Downloads/gec123/GRAMMAR/Verbs/Past_tense/lesson_01.txt count 10 question -1
File error /Users/voquanghoa/Downloads/gec123/GRAMMAR/Verbs/Past_tense/lesson_03.txt count 10 question -1
File error /Users/voquanghoa/Downloads/gec123/GRAMMAR/Verbs/Past_tense/lesson_04.txt count 10 question -1
File error /Users/voquanghoa/Downloads/gec123/GRAMMAR/Verbs/Past_tense/lesson_05.txt count 11 question -1
File error /Users/voquanghoa/Downloads/gec123/GRAMMAR/Verbs/Past_tense/lesson_06.txt count 11 question -1
File error /Users/voquanghoa/Downloads/gec123/GRAMMAR/Verbs/Past_tense/lesson_07.txt count 11 question -1
File error /Users/voquanghoa/Downloads/gec123/GRAMMAR/Verbs/Past_tense/lesson_08.txt count 13 question -1
File error /Users/voquanghoa/Downloads/gec123/GRAMMAR/Verbs/Past_tense/lesson_09.txt count 10 question -1
File error /Users/voquanghoa/Downloads/gec123/GRAMMAR/Verbs/Past_tense/lesson_10.txt count 10 question -1
File error /Users/voquanghoa/Downloads/gec123/GRAMMAR/Verbs/Past_tense/lesson_11.txt count 10 question -1
File error /Users/voquanghoa/Downloads/gec123/GRAMMAR/Verbs/Past_tense/lesson_12.txt count 10 question -1
File error /Users/voquanghoa/Downloads/gec123/GRAMMAR/Verbs/Past_tense/lesson_13.txt count 12 question -1
File error /Users/voquanghoa/Downloads/gec123/GRAMMAR/Verbs/Past_tense/lesson_14.txt count 10 question -1
File error /Users/voquanghoa/Downloads/gec123/GRAMMAR/Verbs/Past_tense/lesson_15.txt count 11 question -1
File error /Users/voquanghoa/Downloads/gec123/GRAMMAR/Verbs/Past_tense/lesson_16.txt count 10 question -1
File error /Users/voquanghoa/Downloads/gec123/GRAMMAR/Verbs/Past_tense/lesson_17.txt count 9 question -1
File error /Users/voquanghoa/Downloads/gec123/GRAMMAR/Verbs/Past_tense/lesson_18.txt count 10 question -1
File error /Users/voquanghoa/Downloads/gec123/GRAMMAR/Verbs/Past_tense/lesson_19.txt count 10 question -1
File error /Users/voquanghoa/Downloads/gec123/GRAMMAR/Verbs/Past_tense/lesson_20.txt count 10 question -1
File error /Users/voquanghoa/Downloads/gec123/GRAMMAR/Verbs/Past_tense/lesson_21.txt count 10 question -1
File error /Users/voquanghoa/Downloads/gec123/GRAMMAR/Verbs/Past_tense/lesson_22.txt count 9 question -1
File error /Users/voquanghoa/Downloads/gec123/GRAMMAR/Verbs/Past_tense/lesson_23.txt count 10 question -1
File error /Users/voquanghoa/Downloads/gec123/GRAMMAR/Verbs/Past_tense/lesson_24.txt count 9 question -1
File error /Users/voquanghoa/Downloads/gec123/GRAMMAR/Verbs/Past_tense/lesson_25.txt count 10 question -1
File error /Users/voquanghoa/Downloads/gec123/GRAMMAR/Verbs/Past_tense/lesson_26.txt count 10 question -1
File error /Users/voquanghoa/Downloads/gec123/GRAMMAR/Verbs/Past_tense/lesson_27.txt count 10 question -1
File error /Users/voquanghoa/Downloads/gec123/GRAMMAR/Verbs/Past_tense/lesson_28.txt count 9 question -1
File error /Users/voquanghoa/Downloads/gec123/GRAMMAR/Verbs/Past_tense/lesson_29.txt count 15 question -1
File error /Users/voquanghoa/Downloads/gec123/GRAMMAR/Verbs/Prepositions/lesson_03.txt count 10 question -1
File error /Users/voquanghoa/Downloads/gec123/GRAMMAR/Verbs/Present_perfect/lesson_01.txt count 10 question -1
File error /Users/voquanghoa/Downloads/gec123/GRAMMAR/Verbs/Present_perfect/lesson_02.txt count 10 question -1
File error /Users/voquanghoa/Downloads/gec123/GRAMMAR/Verbs/Present_perfect/lesson_03.txt count 12 question -1
File error /Users/voquanghoa/Downloads/gec123/GRAMMAR/Verbs/Present_perfect/lesson_04.txt count 10 question -1
File error /Users/voquanghoa/Downloads/gec123/GRAMMAR/Verbs/Present_perfect/lesson_05.txt count 10 question -1
File error /Users/voquanghoa/Downloads/gec123/GRAMMAR/Verbs/Present_perfect/lesson_06.txt count 10 question -1
File error /Users/voquanghoa/Downloads/gec123/GRAMMAR/Verbs/Present_perfect/lesson_07.txt count 10 question -1
File error /Users/voquanghoa/Downloads/gec123/GRAMMAR/Verbs/Present_perfect/lesson_08.txt count 10 question -1
File error /Users/voquanghoa/Downloads/gec123/GRAMMAR/Verbs/Present_perfect/lesson_09.txt count 10 question -1
File error /Users/voquanghoa/Downloads/gec123/GRAMMAR/Verbs/Present_perfect/lesson_10.txt count 11 question -1
File error /Users/voquanghoa/Downloads/gec123/GRAMMAR/Verbs/Present_perfect/lesson_11.txt count 10 question -1
File error /Users/voquanghoa/Downloads/gec123/GRAMMAR/Verbs/Present_perfect/lesson_12.txt count 14 question -1
File error /Users/voquanghoa/Downloads/gec123/GRAMMAR/Verbs/Present_perfect/lesson_13.txt count 9 question -1
File error /Users/voquanghoa/Downloads/gec123/GRAMMAR/Verbs/Present_perfect/lesson_14.txt count 10 question -1
File error /Users/voquanghoa/Downloads/gec123/GRAMMAR/Verbs/Present_perfect/lesson_16.txt count 12 question -1
File error /Users/voquanghoa/Downloads/gec123/GRAMMAR/Verbs/Present_perfect/lesson_17.txt count 10 question -1
File error /Users/voquanghoa/Downloads/gec123/GRAMMAR/Verbs/Present_perfect/lesson_18.txt count 12 question -1
File error /Users/voquanghoa/Downloads/gec123/GRAMMAR/Verbs/Present_perfect/lesson_19.txt count 11 question -1
File error /Users/voquanghoa/Downloads/gec123/GRAMMAR/Verbs/Present_perfect/lesson_21.txt count 10 question -1
File error /Users/voquanghoa/Downloads/gec123/GRAMMAR/Verbs/Present_tense/lesson_01.txt count 10 question -1
File error /Users/voquanghoa/Downloads/gec123/GRAMMAR/Verbs/Present_tense/lesson_02.txt count 10 question -1
File error /Users/voquanghoa/Downloads/gec123/GRAMMAR/Verbs/Present_tense/lesson_03.txt count 10 question -1
File error /Users/voquanghoa/Downloads/gec123/GRAMMAR/Verbs/Present_tense/lesson_04.txt count 10 question -1
File error /Users/voquanghoa/Downloads/gec123/GRAMMAR/Verbs/Present_tense/lesson_05.txt count 10 question -1
File error /Users/voquanghoa/Downloads/gec123/GRAMMAR/Verbs/Present_tense/lesson_06.txt count 10 question -1
File error /Users/voquanghoa/Downloads/gec123/GRAMMAR/Verbs/Present_tense/lesson_07.txt count 10 question -1
File error /Users/voquanghoa/Downloads/gec123/GRAMMAR/Verbs/Present_tense/lesson_08.txt count 10 question -1
File error /Users/voquanghoa/Downloads/gec123/GRAMMAR/Verbs/Present_tense/lesson_09.txt count 10 question -1
File error /Users/voquanghoa/Downloads/gec123/GRAMMAR/Verbs/Present_tense/lesson_10.txt count 10 question -1
File error /Users/voquanghoa/Downloads/gec123/GRAMMAR/Verbs/Present_tense/lesson_12.txt count 10 question -1
File error /Users/voquanghoa/Downloads/gec123/GRAMMAR/Verbs/Present_tense/lesson_14.txt count 12 question -1
File error /Users/voquanghoa/Downloads/gec123/GRAMMAR/Verbs/Present_tense/lesson_16.txt count 8 question -1
File error /Users/voquanghoa/Downloads/gec123/GRAMMAR/Verbs/Present_tense/lesson_17.txt count 10 question -1
File error /Users/voquanghoa/Downloads/gec123/GRAMMAR/Verbs/Present_tense/lesson_18.txt count 10 question -1
File error /Users/voquanghoa/Downloads/gec123/GRAMMAR/Verbs/Present_tense/lesson_19.txt count 10 question -1
File error /Users/voquanghoa/Downloads/gec123/GRAMMAR/Verbs/Present_tense/lesson_20.txt count 10 question -1
File error /Users/voquanghoa/Downloads/gec123/GRAMMAR/Verbs/Present_tense/lesson_21.txt count 11 question -1
File error /Users/voquanghoa/Downloads/gec123/GRAMMAR/Verbs/Present_tense/lesson_23.txt count 10 question -1
File error /Users/voquanghoa/Downloads/gec123/GRAMMAR/Verbs/Present_tense/lesson_24.txt count 10 question -1
File error /Users/voquanghoa/Downloads/gec123/GRAMMAR/Verbs/Present_tense/lesson_26.txt count 10 question -1
File error /Users/voquanghoa/Downloads/gec123/GRAMMAR/Verbs/Present_tense/lesson_27.txt count 10 question -1
File error /Users/voquanghoa/Downloads/gec123/GRAMMAR/Verbs/Present_tense/lesson_28.txt count 10 question -1
File error /Users/voquanghoa/Downloads/gec123/GRAMMAR/Verbs/Present_tense/lesson_30.txt count 8 question -1
File error /Users/voquanghoa/Downloads/gec123/GRAMMAR/Verbs/Present_tense/lesson_31.txt count 10 question -1
File error /Users/voquanghoa/Downloads/gec123/GRAMMAR/Verbs/Present_tense/lesson_32.txt count 12 question -1
File error /Users/voquanghoa/Downloads/gec123/GRAMMAR/Verbs/Present_tense/lesson_33.txt count 8 question -1
File error /Users/voquanghoa/Downloads/gec123/GRAMMAR/Verbs/Present_tense/lesson_34.txt count 10 question -1
File error /Users/voquanghoa/Downloads/gec123/GRAMMAR/Verbs/Present_tense/lesson_35.txt count 9 question -1
File error /Users/voquanghoa/Downloads/gec123/GRAMMAR/Verbs/Present_tense/lesson_36.txt count 10 question -1
File error /Users/voquanghoa/Downloads/gec123/GRAMMAR/Verbs/Present_tense/lesson_37.txt count 10 question -1
File error /Users/voquanghoa/Downloads/gec123/GRAMMAR/Verbs/Present_tense/lesson_38.txt count 10 question -1
File error /Users/voquanghoa/Downloads/gec123/GRAMMAR/Verbs/Present_tense/lesson_39.txt count 10 question -1
File error /Users/voquanghoa/Downloads/gec123/GRAMMAR/Verbs/Present_tense/lesson_40.txt count 10 question -1
File error /Users/voquanghoa/Downloads/gec123/GRAMMAR/Verbs/Present_tense/lesson_41.txt count 10 question -1
File error /Users/voquanghoa/Downloads/gec123/GRAMMAR/Verbs/Present_tense/lesson_42.txt count 10 question -1
File error /Users/voquanghoa/Downloads/gec123/GRAMMAR/Verbs/Present_tense/lesson_43.txt count 7 question -1
File error /Users/voquanghoa/Downloads/gec123/GRAMMAR/Verbs/Present_tense/lesson_44.txt count 15 question -1
File error /Users/voquanghoa/Downloads/gec123/GRAMMAR/Verbs/Present_tense/lesson_46.txt count 12 question -1
File error /Users/voquanghoa/Downloads/gec123/GRAMMAR/Verbs/Present_tense/lesson_47.txt count 11 question -1
File error /Users/voquanghoa/Downloads/gec123/GRAMMAR/Verbs/Present_tense/lesson_48.txt count 11 question -1
File error /Users/voquanghoa/Downloads/gec123/GRAMMAR/Verbs/Present_tense/lesson_49.txt count 11 question -1
File error /Users/voquanghoa/Downloads/gec123/GRAMMAR/Verbs/Present_tense/lesson_50.txt count 11 question -1
File error /Users/voquanghoa/Downloads/gec123/GRAMMAR/Verbs/Present_tense/lesson_51.txt count 14 question -1
File error /Users/voquanghoa/Downloads/gec123/GRAMMAR/Verbs/Present_tense/lesson_52.txt count 16 question -1
File error /Users/voquanghoa/Downloads/gec123/GRAMMAR/Verbs/Present_tense/lesson_53.txt count 10 question -1
File error /Users/voquanghoa/Downloads/gec123/GRAMMAR/Verbs/Present_tense/lesson_54.txt count 10 question -1
File error /Users/voquanghoa/Downloads/gec123/GRAMMAR/Verbs/Present_tense/lesson_55.txt count 15 question -1
File error /Users/voquanghoa/Downloads/gec123/GRAMMAR/Verbs/Present_tense/lesson_56.txt count 10 question -1
File error /Users/voquanghoa/Downloads/gec123/GRAMMAR/Verbs/Present_tense/lesson_57.txt count 10 question -1
File error /Users/voquanghoa/Downloads/gec123/GRAMMAR/Verbs/Present_tense/lesson_58.txt count 10 question -1
File error /Users/voquanghoa/Downloads/gec123/GRAMMAR/Verbs/Present_tense/lesson_59.txt count 10 question -1
File error /Users/voquanghoa/Downloads/gec123/GRAMMAR/Verbs/Present_tense/lesson_60.txt count 12 question -1
File error /Users/voquanghoa/Downloads/gec123/GRAMMAR/Verbs/Present_tense/lesson_61.txt count 8 question -1
File error /Users/voquanghoa/Downloads/gec123/GRAMMAR/Verbs/Present_tense/lesson_62.txt count 13 question -1
File error /Users/voquanghoa/Downloads/gec123/GRAMMAR/Verbs/Present_tense/lesson_63.txt count 10 question -1
File error /Users/voquanghoa/Downloads/gec123/GRAMMAR/Verbs/Present_tense/lesson_64.txt count 13 question -1
File error /Users/voquanghoa/Downloads/gec123/GRAMMAR/Verbs/Present_tense/lesson_65.txt count 11 question -1
File error /Users/voquanghoa/Downloads/gec123/GRAMMAR/Verbs/Present_tense/lesson_66.txt count 10 question -1
File error /Users/voquanghoa/Downloads/gec123/GRAMMAR/Verbs/Present_tense/lesson_67.txt count 10 question -1
File error /Users/voquanghoa/Downloads/gec123/GRAMMAR/Verbs/Present_tense/lesson_68.txt count 15 question -1
File error /Users/voquanghoa/Downloads/gec123/GRAMMAR/Verbs/Present_tense/lesson_69.txt count 10 question -1
File error /Users/voquanghoa/Downloads/gec123/GRAMMAR/Verbs/Present_tense/lesson_70.txt count 9 question -1
File error /Users/voquanghoa/Downloads/gec123/GRAMMAR/Verbs/Present_tense/lesson_71.txt count 12 question -1
File error /Users/voquanghoa/Downloads/gec123/GRAMMAR/Verbs/Present_tense/lesson_72.txt count 10 question -1
File error /Users/voquanghoa/Downloads/gec123/GRAMMAR/Verbs/Present_tense/lesson_73.txt count 10 question -1
File error /Users/voquanghoa/Downloads/gec123/GRAMMAR/Verbs/Present_tense/lesson_74.txt count 10 question -1
File error /Users/voquanghoa/Downloads/gec123/GRAMMAR/Verbs/Simple_Past/lesson_01.txt count 11 question -1
File error /Users/voquanghoa/Downloads/gec123/GRAMMAR/Verbs/Simple_Past/lesson_02.txt count 11 question -1
File error /Users/voquanghoa/Downloads/gec123/GRAMMAR/Verbs/Simple_Past/lesson_03.txt count 13 question -1
File error /Users/voquanghoa/Downloads/gec123/GRAMMAR/Verbs/Simple_Past/lesson_04.txt count 11 question -1
File error /Users/voquanghoa/Downloads/gec123/GRAMMAR/Verbs/Simple_Past/lesson_05.txt count 13 question -1
File error /Users/voquanghoa/Downloads/gec123/GRAMMAR/Verbs/Simple_Past/lesson_06.txt count 15 question -1
File error /Users/voquanghoa/Downloads/gec123/GRAMMAR/Verbs/Simple_Past/lesson_07.txt count 13 question -1
File error /Users/voquanghoa/Downloads/gec123/GRAMMAR/Verbs/Simple_Past/lesson_08.txt count 10 question -1
File error /Users/voquanghoa/Downloads/gec123/GRAMMAR/Verbs/Simple_Past/lesson_09.txt count 10 question -1
File error /Users/voquanghoa/Downloads/gec123/GRAMMAR/Verbs/Simple_Past/lesson_10.txt count 10 question -1
File error /Users/voquanghoa/Downloads/gec123/GRAMMAR/Verbs/Simple_Past/lesson_11.txt count 14 question -1
File error /Users/voquanghoa/Downloads/gec123/GRAMMAR/Verbs/Simple_Past/lesson_12.txt count 10 question -1
File error /Users/voquanghoa/Downloads/gec123/GRAMMAR/Verbs/Simple_Past/lesson_13.txt count 10 question -1
File error /Users/voquanghoa/Downloads/gec123/GRAMMAR/Verbs/Simple_Past/lesson_14.txt count 11 question -1
File error /Users/voquanghoa/Downloads/gec123/GRAMMAR/Verbs/Simple_Past/lesson_15.txt count 12 question -1
File error /Users/voquanghoa/Downloads/gec123/GRAMMAR/Verbs/Simple_Past/lesson_16.txt count 9 question -1
File error /Users/voquanghoa/Downloads/gec123/GRAMMAR/Verbs/Simple_Past/lesson_18.txt count 10 question -1
File error /Users/voquanghoa/Downloads/gec123/GRAMMAR/Verbs/Simple_Past/lesson_19.txt count 10 question -1
File error /Users/voquanghoa/Downloads/gec123/GRAMMAR/Verbs/Simple_Past/lesson_20.txt count 15 question -1
File error /Users/voquanghoa/Downloads/gec123/GRAMMAR/Verbs/Simple_Past/lesson_21.txt count 10 question -1
File error /Users/voquanghoa/Downloads/gec123/GRAMMAR/Verbs/Simple_Past/lesson_22.txt count 11 question -1
File error /Users/voquanghoa/Downloads/gec123/GRAMMAR/Verbs/Simple_Past/lesson_23.txt count 9 question -1
File error /Users/voquanghoa/Downloads/gec123/GRAMMAR/Verbs/Simple_Past/lesson_24.txt count 8 question -1
File error /Users/voquanghoa/Downloads/gec123/GRAMMAR/Verbs/Simple_Past/lesson_25.txt count 14 question -1
File error /Users/voquanghoa/Downloads/gec123/GRAMMAR/Verbs/Simple_Past/lesson_26.txt count 8 question -1
File error /Users/voquanghoa/Downloads/gec123/GRAMMAR/Verbs/Simple_Past/lesson_27.txt count 11 question -1
File error /Users/voquanghoa/Downloads/gec123/GRAMMAR/Verbs/Simple_Past/lesson_28.txt count 12 question -1
File error /Users/voquanghoa/Downloads/gec123/GRAMMAR/Verbs/Simple_Past/lesson_29.txt count 10 question -1
File error /Users/voquanghoa/Downloads/gec123/GRAMMAR/Verbs/Subjunctive/lesson_01.txt count 9 question -1
File error /Users/voquanghoa/Downloads/gec123/GRAMMAR/Verbs/Subjunctive/lesson_02.txt count 9 question -1
File error /Users/voquanghoa/Downloads/gec123/GRAMMAR/Verbs/Subjunctive/lesson_03.txt count 10 question -1
File error /Users/voquanghoa/Downloads/gec123/GRAMMAR/Verbs/Subjunctive/lesson_04.txt count 11 question -1
File error /Users/voquanghoa/Downloads/gec123/GRAMMAR/Verbs/Subjunctive/lesson_05.txt count 10 question -1
File error /Users/voquanghoa/Downloads/gec123/GRAMMAR/Verbs/Subjunctive/lesson_06.txt count 10 question -1
File error /Users/voquanghoa/Downloads/gec123/GRAMMAR/Verbs/Subjunctive/lesson_09.txt count 10 question -1
File error /Users/voquanghoa/Downloads/gec123/LEVEL_A2/Hauptsatz und Nebensatz/lesson_01.txt count 0 question -1
File error /Users/voquanghoa/Downloads/gec123/LEVEL_A2/Hauptsatz und Nebensatz/lesson_02.txt count 0 question -1
File error /Users/voquanghoa/Downloads/gec123/LEVEL_A2/Hauptsatz und Nebensatz/lesson_03.txt count 0 question -1
File error /Users/voquanghoa/Downloads/gec123/LEVEL_A2/Hauptsatz und Nebensatz/lesson_04.txt count 0 question -1
File error /Users/voquanghoa/Downloads/gec123/LEVEL_A2/Hauptsatz und Nebensatz/lesson_05.txt count 0 question -1
File error /Users/voquanghoa/Downloads/gec123/LEVEL_A2/Hauptsatz und Nebensatz/lesson_06.txt count 0 question -1
File error /Users/voquanghoa/Downloads/gec123/LEVEL_A2/Hauptsatz und Nebensatz/lesson_07.txt count 0 question -1
File error /Users/voquanghoa/Downloads/gec123/LEVEL_A2/Hauptsatz und Nebensatz/lesson_08.txt count 0 question -1
File error /Users/voquanghoa/Downloads/gec123/LEVEL_A2/Hauptsatz und Nebensatz/lesson_09.txt count 0 question -1
File error /Users/voquanghoa/Downloads/gec123/LEVEL_A2/Verben und Adjektive mit Präpositionen/lesson_03.txt count 10 question 1
File error /Users/voquanghoa/Downloads/gec123/LEVEL_B1/Temporale Nebensätze/lesson_01.txt count 0 question -1
File error /Users/voquanghoa/Downloads/gec123/LEVEL_B1/Temporale Nebensätze/lesson_02.txt count 0 question -1
File error /Users/voquanghoa/Downloads/gec123/LEVEL_B1/Temporale Nebensätze/lesson_03.txt count 0 question -1
File error /Users/voquanghoa/Downloads/gec123/LEVEL_B1/Temporale Nebensätze/lesson_04.txt count 0 question -1
File error /Users/voquanghoa/Downloads/gec123/LEVEL_B1/Temporale Nebensätze/lesson_05.txt count 0 question -1
File error /Users/voquanghoa/Downloads/gec123/LEVEL_B1/Temporale Nebensätze/lesson_06.txt count 0 question -1
File error /Users/voquanghoa/Downloads/gec123/LEVEL_B1/Temporale Nebensätze/lesson_07.txt count 0 question -1
File error /Users/voquanghoa/Downloads/gec123/LEVEL_B1/Temporale Nebensätze/lesson_08.txt count 0 question -1
File error /Users/voquanghoa/Downloads/gec123/LEVEL_B1/Temporale Nebensätze/lesson_09.txt count 0 question -1
File error /Users/voquanghoa/Downloads/gec123/LEVEL_B1/Verben und Ausdrücke mit Präpositionen/lesson_01.txt count 0 question -1
File error /Users/voquanghoa/Downloads/gec123/LEVEL_B1/Verben und Ausdrücke mit Präpositionen/lesson_02.txt count 0 question -1
File error /Users/voquanghoa/Downloads/gec123/LEVEL_B1/Verben und Ausdrücke mit Präpositionen/lesson_03.txt count 0 question -1
File error /Users/voquanghoa/Downloads/gec123/LEVEL_B1/Verben und Ausdrücke mit Präpositionen/lesson_04.txt count 0 question -1
File error /Users/voquanghoa/Downloads/gec123/LEVEL_B1/Verben und Ausdrücke mit Präpositionen/lesson_05.txt count 0 question -1
File error /Users/voquanghoa/Downloads/gec123/LEVEL_B1/Verben und Ausdrücke mit Präpositionen/lesson_06.txt count 0 question -1
File error /Users/voquanghoa/Downloads/gec123/LEVEL_B1/Verben und Ausdrücke mit Präpositionen/lesson_07.txt count 0 question -1
File error /Users/voquanghoa/Downloads/gec123/LEVEL_B1/Verben und Ausdrücke mit Präpositionen/lesson_08.txt count 0 question -1
File error /Users/voquanghoa/Downloads/gec123/LEVEL_B1/Verben und Ausdrücke mit Präpositionen/lesson_09.txt count 0 question -1
File error /Users/voquanghoa/Downloads/gec123/LEVEL_B1/Wortbildung/lesson_01.txt count 0 question -1
File error /Users/voquanghoa/Downloads/gec123/LEVEL_B1/Wortbildung/lesson_02.txt count 0 question -1
File error /Users/voquanghoa/Downloads/gec123/LEVEL_B1/Wortbildung/lesson_03.txt count 0 question -1
File error /Users/voquanghoa/Downloads/gec123/LEVEL_B1/Wortbildung/lesson_04.txt count 0 question -1
File error /Users/voquanghoa/Downloads/gec123/LEVEL_B1/Wortbildung/lesson_05.txt count 0 question -1
File error /Users/voquanghoa/Downloads/gec123/LEVEL_B1/Wortbildung/lesson_06.txt count 0 question -1
File error /Users/voquanghoa/Downloads/gec123/LEVEL_B1/Wortbildung/lesson_07.txt count 0 question -1
File error /Users/voquanghoa/Downloads/gec123/LEVEL_B1/Wortbildung/lesson_08.txt count 0 question -1
File error /Users/voquanghoa/Downloads/gec123/LEVEL_B1/Wortbildung/lesson_09.txt count 0 question -1
File error /Users/voquanghoa/Downloads/gec123/LEVEL_B1/Zusammenfassung – Grammatik B1/lesson_01.txt count 0 question -1
File error /Users/voquanghoa/Downloads/gec123/LEVEL_B1/Zusammenfassung – Grammatik B1/lesson_02.txt count 0 question -1
File error /Users/voquanghoa/Downloads/gec123/LEVEL_B1/Zusammenfassung – Grammatik B1/lesson_03.txt count 0 question -1
File error /Users/voquanghoa/Downloads/gec123/LEVEL_B1/Zusammenfassung – Grammatik B1/lesson_04.txt count 0 question -1
File error /Users/voquanghoa/Downloads/gec123/LEVEL_B1/Zusammenfassung – Grammatik B1/lesson_05.txt count 0 question -1
File error /Users/voquanghoa/Downloads/gec123/LEVEL_B1/Zusammenfassung – Grammatik B1/lesson_06.txt count 0 question -1
File error /Users/voquanghoa/Downloads/gec123/LEVEL_B1/Zusammenfassung – Grammatik B1/lesson_07.txt count 0 question -1
File error /Users/voquanghoa/Downloads/gec123/LEVEL_B1/Zusammenfassung – Grammatik B1/lesson_08.txt count 0 question -1
File error /Users/voquanghoa/Downloads/gec123/LEVEL_B1/Zusammenfassung – Grammatik B1/lesson_09.txt count 0 question -1
File error /Users/voquanghoa/Downloads/gec123/LEVEL_B1/Zusammenfassung – Verbformen/lesson_01.txt count 0 question -1
File error /Users/voquanghoa/Downloads/gec123/LEVEL_B1/Zusammenfassung – Verbformen/lesson_02.txt count 0 question -1
File error /Users/voquanghoa/Downloads/gec123/LEVEL_B1/Zusammenfassung – Verbformen/lesson_03.txt count 0 question -1
File error /Users/voquanghoa/Downloads/gec123/LEVEL_B1/Zusammenfassung – Verbformen/lesson_04.txt count 0 question -1
File error /Users/voquanghoa/Downloads/gec123/LEVEL_B1/Zusammenfassung – Verbformen/lesson_05.txt count 0 question -1
File error /Users/voquanghoa/Downloads/gec123/LEVEL_B1/Zusammenfassung – Verbformen/lesson_06.txt count 0 question -1
File error /Users/voquanghoa/Downloads/gec123/LEVEL_B1/Zusammenfassung – Verbformen/lesson_07.txt count 0 question -1
File error /Users/voquanghoa/Downloads/gec123/LEVEL_B1/Zusammenfassung – Verbformen/lesson_08.txt count 0 question -1
File error /Users/voquanghoa/Downloads/gec123/LEVEL_B1/Zusammenfassung – Verbformen/lesson_09.txt count 0 question -1
File error /Users/voquanghoa/Downloads/gec123/LEVEL_B2/zu Infinitiv oder dass/lesson_01.txt count 0 question -1
File error /Users/voquanghoa/Downloads/gec123/LEVEL_B2/zu Infinitiv oder dass/lesson_02.txt count 0 question -1
File error /Users/voquanghoa/Downloads/gec123/LEVEL_B2/zu Infinitiv oder dass/lesson_03.txt count 0 question -1
File error /Users/voquanghoa/Downloads/gec123/LEVEL_C1/Wortschatz Englische Ausdrücke/Wortschatz_Englische_Ausdrucke.txt count 1 question -1
File error /Users/voquanghoa/Downloads/gec123/LEVEL_C1/Wortschatz Englische Ausdrücke/lesson_03.txt count 0 question -1
File error /Users/voquanghoa/Downloads/gec123/LEVEL_C1/Wortschatz Englische Ausdrücke/lesson_04.txt count 0 question -1
File error /Users/voquanghoa/Downloads/gec123/LEVEL_C1/Wortschatz Englische Ausdrücke/lesson_05.txt count 0 question -1
File error /Users/voquanghoa/Downloads/gec123/LEVEL_C1/Wortschatz Englische Ausdrücke/lesson_06.txt count 0 question -1
File error /Users/voquanghoa/Downloads/gec123/LEVEL_C1/Wortschatz Englische Ausdrücke/lesson_07.txt count 0 question -1
File error /Users/voquanghoa/Downloads/gec123/LEVEL_C1/Wortschatz Englische Ausdrücke/lesson_08.txt count 0 question -1
File error /Users/voquanghoa/Downloads/gec123/LEVEL_C1/Wortschatz Englische Ausdrücke/lesson_09.txt count 0 question -1
File error /Users/voquanghoa/Downloads/gec123/LEVEL_C1/Wortschatz Englische Ausdrücke/lesson_10.txt count 0 question -1
File error /Users/voquanghoa/Downloads/gec123/LEVEL_C1/Wortschatz Englische Ausdrücke/lesson_11.txt count 0 question -1
File error /Users/voquanghoa/Downloads/gec123/LEVEL_C1/Wortschatz Englische Ausdrücke/lesson_12.txt count 0 question -1
